INFO:root:Transformed employees data successfully.
INFO:root:Transformed skills data successfully.
INFO:root:Transformed certifications data successfully.
INFO:root:Transformed employee skills data successfully.
INFO:root:Transformed employee certificates data successfully.
INFO:root:Transformed employees data successfully.
INFO:root:Transformed skills data successfully.
INFO:root:Transformed certifications data successfully.
INFO:root:Transformed employee skills data successfully.
INFO:root:Transformed employee certificates data successfully.
INFO:root:Generated skill summary report successfully.
INFO:root:Generated certification summary report successfully.
INFO:root:Generated competency summary report successfully.
INFO:root:Generated employee certificate summary report successfully.
INFO:root:Generated average skill progress by department report successfully.
INFO:root:Generated certifications per employee report successfully.
INFO:root:Transformed employees data successfully.
INFO:root:Transformed skills data successfully.
INFO:root:Transformed certifications data successfully.
INFO:root:Transformed employee skills data successfully.
INFO:root:Transformed employee certificates data successfully.
INFO:root:Transformed employees data successfully.
INFO:root:Transformed skills data successfully.
INFO:root:Transformed certifications data successfully.
INFO:root:Transformed employee skills data successfully.
INFO:root:Transformed employee certificates data successfully.
INFO:root:Generated skill summary report successfully.
INFO:root:Generated certification summary report successfully.
INFO:root:Generated competency summary report successfully.
INFO:root:Generated employee certificate summary report successfully.
INFO:root:Generated average skill progress by department report successfully.
INFO:root:Generated skill summary report successfully.
INFO:root:Generated certification summary report successfully.
INFO:root:Generated competency summary report successfully.
INFO:root:Generated employee certificate summary report successfully.
INFO:root:Generated average skill progress by department report successfully.
INFO:root:Generated skill summary report successfully.
INFO:root:Generated certification summary report successfully.
INFO:root:Generated competency summary report successfully.
INFO:root:Generated employee certificate summary report successfully.
INFO:root:Generated average skill progress by department report successfully.
INFO:root:Generated skill summary report successfully.
INFO:root:Generated certification summary report successfully.
INFO:root:Generated competency summary report successfully.
INFO:root:Generated employee certificate summary report successfully.
INFO:root:Generated average skill progress by department report successfully.
INFO:root:Transformed employees data successfully.
INFO:root:Transformed skills data successfully.
INFO:root:Transformed certifications data successfully.
INFO:root:Transformed employee skills data successfully.
INFO:root:Transformed employee certificates data successfully.
INFO:root:Generated skill summary report successfully.
INFO:root:Generated certification summary report successfully.
INFO:root:Generated competency summary report successfully.
INFO:root:Generated employee certificate summary report successfully.
INFO:root:Generated average skill progress by department report successfully.
INFO:root:Generated skill summary report successfully.
INFO:root:Generated certification summary report successfully.
INFO:root:Generated competency summary report successfully.
INFO:root:Generated employee certificate summary report successfully.
INFO:root:Generated average skill progress by department report successfully.
INFO:root:Transformed employees data successfully.
INFO:root:Transformed skills data successfully.
INFO:root:Transformed certifications data successfully.
INFO:root:Transformed employee skills data successfully.
INFO:root:Transformed employee certificates data successfully.
INFO:root:Generated skill summary report successfully.
INFO:root:Generated certification summary report successfully.
INFO:root:Generated competency summary report successfully.
INFO:root:Generated employee certificate summary report successfully.
INFO:root:Generated average skill progress by department report successfully.
INFO:root:Generated skill summary report successfully.
INFO:root:Generated certification summary report successfully.
INFO:root:Generated competency summary report successfully.
INFO:root:Generated employee certificate summary report successfully.
INFO:root:Generated average skill progress by department report successfully.
INFO:root:Transformed employees data successfully.
INFO:root:Transformed skills data successfully.
INFO:root:Transformed certifications data successfully.
INFO:root:Transformed employee skills data successfully.
INFO:root:Transformed employee certificates data successfully.
INFO:root:Generated skill summary report successfully.
INFO:root:Generated certification summary report successfully.
INFO:root:Generated competency summary report successfully.
INFO:root:Generated employee certificate summary report successfully.
INFO:root:Generated average skill progress by department report successfully.
INFO:root:Transformed employees data successfully.
INFO:root:Transformed skills data successfully.
INFO:root:Transformed certifications data successfully.
INFO:root:Transformed employee skills data successfully.
INFO:root:Transformed employee certificates data successfully.
INFO:root:Transformed employees data successfully.
INFO:root:Transformed skills data successfully.
INFO:root:Transformed certifications data successfully.
INFO:root:Transformed employee skills data successfully.
INFO:root:Transformed employee certificates data successfully.
INFO:root:Generated skill summary report successfully.
INFO:root:Generated certification summary report successfully.
INFO:root:Generated competency summary report successfully.
INFO:root:Generated employee certificate summary report successfully.
INFO:root:Generated average skill progress by department report successfully.
INFO:root:Transformed employees data successfully.
INFO:root:Transformed skills data successfully.
INFO:root:Transformed certifications data successfully.
INFO:root:Transformed employee skills data successfully.
INFO:root:Transformed employee certificates data successfully.
ERROR:root:Error in transform_employee_courses: ['course_id']
INFO:root:Transformed employees data successfully.
INFO:root:Transformed skills data successfully.
INFO:root:Transformed certifications data successfully.
INFO:root:Transformed employee skills data successfully.
INFO:root:Transformed employee certificates data successfully.
INFO:root:Reading employee courses data...
ERROR:root:Error in transform_employee_courses: ['course_id']
INFO:root:Transformed employees data successfully.
INFO:root:Transformed skills data successfully.
INFO:root:Transformed certifications data successfully.
INFO:root:Transformed employee skills data successfully.
INFO:root:Transformed employee certificates data successfully.
INFO:root:Transformed courses data successfully.
INFO:root:Transformed employee courses data successfully.
INFO:root:Transformed employees data successfully.
INFO:root:Transformed skills data successfully.
INFO:root:Transformed certifications data successfully.
INFO:root:Transformed employee skills data successfully.
INFO:root:Transformed employee certificates data successfully.
INFO:root:Transformed courses data successfully.
INFO:root:Transformed employee courses data successfully.
INFO:root:Generated skill summary report successfully.
INFO:root:Generated certification summary report successfully.
INFO:root:Generated competency summary report successfully.
INFO:root:Generated employee certificate summary report successfully.
INFO:root:Generated average skill progress by department report successfully.
INFO:root:Generated course enrollment summary report successfully.
INFO:root:Generated employee course summary report successfully.
INFO:root:Generated average course enrollment by department report successfully.
INFO:root:Transformed employees data successfully.
INFO:root:Transformed skills data successfully.
INFO:root:Transformed certifications data successfully.
INFO:root:Transformed employee skills data successfully.
INFO:root:Transformed employee certificates data successfully.
INFO:root:Transformed courses data successfully.
INFO:root:Transformed employee courses data successfully.
INFO:root:Transformed employees data successfully.
INFO:root:Transformed skills data successfully.
INFO:root:Transformed certifications data successfully.
INFO:root:Transformed employee skills data successfully.
INFO:root:Transformed employee certificates data successfully.
INFO:root:Transformed courses data successfully.
INFO:root:Transformed employee courses data successfully.
